<?xml version="1.0" encoding="UTF-8"?>
<!-- Generated by org.testng.reporters.JUnitXMLReporter -->
<testsuite hostname="LAPTOP-8PV5OBQH" ignored="0" name="Test" tests="6" failures="0" timestamp="2021-11-11T16:20:18 IST" time="52.52" errors="0">
  <testcase name="FourTest" time="4.647" classname="tests.FourTest"/>
  <testcase name="TwoTest" time="5.415" classname="tests.TwoTest"/>
  <testcase name="ThreeTest" time="6.56" classname="tests.ThreeTest"/>
  <testcase name="LoginTest" time="11.172" classname="tests.LoginTest"/>
  <testcase name="LoginTest" time="11.174" classname="tests.LoginTest"/>
  <testcase name="LoginTest" time="1.464" classname="tests.LoginTest"/>
</testsuite> <!-- Test -->
