<?xml version="1.0" encoding="UTF-8"?>
<!-- Generated by org.testng.reporters.JUnitXMLReporter -->
<testsuite hostname="LAPTOP-8PV5OBQH" ignored="0" name="Test" tests="5" failures="0" timestamp="2021-11-11T13:28:21 IST" time="24.044" errors="0">
  <testcase name="FourTest" time="0.005" classname="tests.FourTest"/>
  <testcase name="TwoTest" time="0.0" classname="tests.TwoTest"/>
  <testcase name="ThreeTest" time="0.0" classname="tests.ThreeTest"/>
  <testcase name="LoginTest" time="1.55" classname="tests.LoginTest"/>
  <testcase name="LoginTest" time="11.262" classname="tests.LoginTest"/>
</testsuite> <!-- Test -->
