<?xml version="1.0" encoding="UTF-8"?>
<testng-results skipped="0" failed="0" ignored="0" total="1" passed="1">
  <reporter-output>
  </reporter-output>
  <suite name="Suite" duration-ms="12769" started-at="2021-11-12T13:10:44 IST" finished-at="2021-11-12T13:10:57 IST">
    <groups>
      <group name="cucumber">
        <method signature="AbstractTestNGCucumberTests.runScenario(io.cucumber.testng.PickleWrapper,io.cucumber.testng.FeatureWrapper)[pri:0, instance:runner.Runner@2f943d71]" name="runScenario" class="io.cucumber.testng.AbstractTestNGCucumberTests"/>
      </group> <!-- cucumber -->
    </groups>
    <test name="loginTest" duration-ms="12769" started-at="2021-11-12T13:10:44 IST" finished-at="2021-11-12T13:10:57 IST">
      <class name="runner.Runner">
        <test-method status="PASS" signature="setUpClass()[pri:0, instance:runner.Runner@2f943d71]" name="setUpClass" is-config="true" duration-ms="220" started-at="2021-11-12T13:10:44 IST" finished-at="2021-11-12T13:10:44 IST">
          <reporter-output>
          </reporter-output>
        </test-method> <!-- setUpClass -->
        <test-method status="PASS" signature="runScenario(io.cucumber.testng.PickleWrapper,io.cucumber.testng.FeatureWrapper)[pri:0, instance:runner.Runner@2f943d71]" name="runScenario" duration-ms="12508" started-at="2021-11-12T13:10:45 IST" description="Runs Cucumber Scenarios" data-provider="scenarios" finished-at="2021-11-12T13:10:57 IST">
          <params>
            <param index="0">
              <value>
                <![CDATA["Login with valid crendtials"]]>
              </value>
            </param>
            <param index="1">
              <value>
                <![CDATA["Optional[Application login]"]]>
              </value>
            </param>
          </params>
          <reporter-output>
          </reporter-output>
        </test-method> <!-- runScenario -->
        <test-method status="PASS" signature="tearDownClass()[pri:0, instance:runner.Runner@2f943d71]" name="tearDownClass" is-config="true" duration-ms="13" started-at="2021-11-12T13:10:57 IST" finished-at="2021-11-12T13:10:57 IST">
          <reporter-output>
          </reporter-output>
        </test-method> <!-- tearDownClass -->
      </class> <!-- runner.Runner -->
    </test> <!-- loginTest -->
  </suite> <!-- Suite -->
</testng-results>
